<?xml version="1.0" encoding="UTF-8"?>
<!-- Generated by org.testng.reporters.JUnitReportReporter -->
<testsuite name="test.GoogleSearchTestNG2" tests="1" time="6.851" ignored="0" failures="0" timestamp="13 Jan 2020 19:50:37 GMT" skipped="0" hostname="systemtest4" errors="0">
  <testcase name="googleSearch" time="6.851" classname="test.GoogleSearchTestNG2"/>
</testsuite> <!-- test.GoogleSearchTestNG2 -->
