<?xml version="1.0" encoding="UTF-8"?>
<!-- Generated by org.testng.reporters.JUnitReportReporter -->
<testsuite name="test.GoogleSearchTestNG" tests="1" time="4.320" ignored="0" failures="0" timestamp="21 Jan 2020 05:05:47 GMT" skipped="0" hostname="systemtest4" errors="0">
  <testcase name="googleSearch" time="4.320" classname="test.GoogleSearchTestNG"/>
</testsuite> <!-- test.GoogleSearchTestNG -->
